\BOOKMARK [0][-]{section*.1}{\376\377\000A\000b\000s\000t\000r\000a\000c\000t}{}% 1
\BOOKMARK [0][-]{chapter.4}{\376\377\000I\000n\000t\000r\000o\000d\000u\000c\000t\000i\000o\000n}{}% 2
\BOOKMARK [0][-]{chapter.5}{\376\377\000T\000h\000e\000\040\000U\000n\000i\000v\000e\000r\000s\000i\000t\000y\000\040\000P\000e\000r\000s\000p\000e\000c\000t\000i\000v\000e}{}% 3
\BOOKMARK [1][-]{section.6}{\376\377\000U\000n\000i\000v\000e\000r\000s\000i\000t\000y\000\040\000a\000s\000\040\000i\000n\000s\000t\000i\000t\000u\000t\000i\000o\000n}{chapter.5}% 4
\BOOKMARK [2][-]{subsection.7}{\376\377\000T\000h\000e\000\040\000n\000e\000w\000\040\000m\000i\000l\000l\000e\000n\000n\000i\000a}{section.6}% 5
\BOOKMARK [2][-]{subsection.8}{\376\377\000P\000e\000r\000f\000o\000r\000m\000a\000n\000c\000e\000\040\000a\000n\000d\000\040\000a\000t\000t\000i\000t\000u\000d\000e}{section.6}% 6
\BOOKMARK [1][-]{section.9}{\376\377\000A\000c\000a\000d\000e\000m\000i\000c\000\040\000s\000c\000i\000e\000n\000t\000i\000s\000t\000s}{chapter.5}% 7
\BOOKMARK [2][-]{subsection.10}{\376\377\000I\000n\000d\000i\000v\000i\000d\000u\000a\000l\000\040\000c\000h\000a\000r\000a\000c\000t\000e\000r\000i\000s\000t\000i\000c\000s}{section.9}% 8
\BOOKMARK [2][-]{subsection.11}{\376\377\000A\000c\000a\000d\000e\000m\000i\000c\000\040\000m\000o\000t\000i\000v\000a\000t\000i\000o\000n\000s}{section.9}% 9
\BOOKMARK [1][-]{section.12}{\376\377\000T\000e\000c\000h\000n\000o\000l\000o\000g\000y\000\040\000T\000r\000a\000n\000s\000f\000e\000r\000\040\000O\000f\000f\000i\000c\000e\000s}{chapter.5}% 10
\BOOKMARK [2][-]{subsection.13}{\376\377\000O\000r\000g\000a\000n\000i\000z\000a\000t\000i\000o\000n\000a\000l\000\040\000f\000o\000r\000m\000s}{section.12}% 11
\BOOKMARK [2][-]{subsection.14}{\376\377\000M\000o\000d\000e\000l\000s\000\040\000a\000n\000d\000\040\000o\000b\000j\000e\000c\000t\000i\000v\000e\000s}{section.12}% 12
\BOOKMARK [2][-]{subsection.15}{\376\377\000A\000c\000t\000i\000v\000i\000t\000i\000e\000s\000\040\000a\000n\000d\000\040\000p\000e\000r\000s\000o\000n\000n\000e\000l}{section.12}% 13
\BOOKMARK [1][-]{section.16}{\376\377\000F\000a\000c\000u\000l\000t\000y}{chapter.5}% 14
\BOOKMARK [1][-]{section.17}{\376\377\000R\000e\000c\000a\000p}{chapter.5}% 15
\BOOKMARK [0][-]{chapter.18}{\376\377\000T\000h\000e\000\040\000I\000n\000d\000u\000s\000t\000r\000y\000\040\000P\000e\000r\000s\000p\000e\000c\000t\000i\000v\000e}{}% 16
\BOOKMARK [1][-]{section.19}{\376\377\000F\000i\000r\000m\000s}{chapter.18}% 17
\BOOKMARK [2][-]{subsection.20}{\376\377\000A\000b\000s\000o\000r\000p\000t\000i\000v\000e\000\040\000c\000a\000p\000a\000c\000i\000t\000y}{section.19}% 18
\BOOKMARK [2][-]{subsection.21}{\376\377\000S\000o\000c\000i\000a\000l\000\040\000c\000a\000p\000i\000t\000a\000l}{section.19}% 19
\BOOKMARK [2][-]{subsection.22}{\376\377\000N\000e\000t\000w\000o\000r\000k\000s\000\040\000a\000n\000d\000\040\000l\000o\000c\000a\000t\000i\000o\000n}{section.19}% 20
\BOOKMARK [1][-]{section.23}{\376\377\000S\000p\000i\000n\000-\000o\000f\000f\000s}{chapter.18}% 21
\BOOKMARK [2][-]{subsection.24}{\376\377\000T\000y\000p\000e\000s\000\040\000a\000n\000d\000\040\000d\000i\000f\000f\000e\000r\000e\000n\000c\000e\000s}{section.23}% 22
\BOOKMARK [2][-]{subsection.25}{\376\377\000M\000o\000t\000i\000v\000e\000s\000\040\000a\000n\000d\000\040\000f\000a\000c\000t\000o\000r\000s}{section.23}% 23
\BOOKMARK [1][-]{section.26}{\376\377\000O\000t\000h\000e\000r\000\040\000e\000x\000t\000e\000r\000n\000a\000l\000\040\000a\000g\000e\000n\000t\000s}{chapter.18}% 24
\BOOKMARK [2][-]{subsection.27}{\376\377\000R\000e\000s\000e\000a\000r\000c\000h\000\040\000o\000r\000g\000a\000n\000i\000z\000a\000t\000i\000o\000n\000s}{section.26}% 25
\BOOKMARK [2][-]{subsection.28}{\376\377\000T\000e\000c\000h\000n\000o\000l\000o\000g\000y\000\040\000t\000r\000a\000n\000s\000f\000e\000r\000\040\000o\000r\000g\000a\000n\000i\000z\000a\000t\000i\000o\000n\000s}{section.26}% 26
\BOOKMARK [2][-]{subsection.29}{\376\377\000I\000n\000c\000u\000b\000a\000t\000o\000r\000s\000\040\000a\000n\000d\000\040\000s\000c\000i\000e\000n\000c\000e\000\040\000p\000a\000r\000k\000s}{section.26}% 27
\BOOKMARK [2][-]{subsection.30}{\376\377\000A\000n\000\040\000e\000n\000d\000l\000e\000s\000s\000\040\000l\000i\000s\000t}{section.26}% 28
\BOOKMARK [1][-]{section.31}{\376\377\000R\000e\000c\000a\000p}{chapter.18}% 29
\BOOKMARK [0][-]{chapter.32}{\376\377\000C\000h\000a\000n\000n\000e\000l\000s}{}% 30
\BOOKMARK [1][-]{section.33}{\376\377\000C\000h\000a\000n\000n\000e\000l\000s\000\040\000a\000n\000d\000\040\000c\000a\000t\000e\000g\000o\000r\000i\000e\000s}{chapter.32}% 31
\BOOKMARK [1][-]{section.34}{\376\377\000P\000a\000t\000e\000n\000t\000s\000\040\000a\000n\000d\000\040\000l\000i\000c\000e\000n\000s\000e\000s}{chapter.32}% 32
\BOOKMARK [2][-]{subsection.35}{\376\377\000P\000e\000r\000f\000o\000r\000m\000a\000n\000c\000e\000s\000,\000\040\000l\000a\000w\000s\000\040\000a\000n\000d\000\040\000a\000p\000p\000r\000o\000a\000c\000h\000e\000s}{section.34}% 33
\BOOKMARK [1][-]{section.36}{\376\377\000S\000p\000i\000n\000-\000o\000f\000f\000s}{chapter.32}% 34
\BOOKMARK [2][-]{subsection.37}{\376\377\000E\000n\000t\000r\000e\000p\000r\000e\000n\000e\000u\000r\000s\000\040\000a\000n\000d\000\040\000t\000e\000a\000m\000s}{section.36}% 35
\BOOKMARK [1][-]{section.38}{\376\377\000C\000o\000n\000t\000r\000a\000c\000t\000\040\000a\000n\000d\000\040\000c\000o\000o\000p\000e\000r\000a\000t\000i\000v\000e\000\040\000r\000e\000s\000e\000a\000r\000c\000h}{chapter.32}% 36
\BOOKMARK [1][-]{section.39}{\376\377\000I\000n\000f\000o\000r\000m\000a\000l\000\040\000c\000h\000a\000n\000n\000e\000l\000s}{chapter.32}% 37
\BOOKMARK [1][-]{section.40}{\376\377\000R\000e\000l\000a\000t\000i\000v\000e\000\040\000i\000m\000p\000o\000r\000t\000a\000n\000c\000e}{chapter.32}% 38
\BOOKMARK [1][-]{section.41}{\376\377\000B\000a\000r\000r\000i\000e\000r\000s}{chapter.32}% 39
\BOOKMARK [2][-]{subsection.42}{\376\377\000C\000o\000g\000n\000i\000t\000i\000v\000e\000\040\000d\000i\000s\000t\000a\000n\000c\000e}{section.41}% 40
\BOOKMARK [2][-]{subsection.43}{\376\377\000S\000u\000p\000p\000o\000r\000t\000i\000v\000e\000\040\000m\000e\000c\000h\000a\000n\000i\000s\000m\000s}{section.41}% 41
\BOOKMARK [2][-]{subsection.44}{\376\377\000C\000o\000m\000p\000a\000t\000i\000b\000i\000l\000i\000t\000y\000\040\000a\000n\000d\000\040\000c\000o\000m\000p\000l\000e\000m\000e\000n\000t\000a\000r\000i\000t\000y}{section.41}% 42
\BOOKMARK [1][-]{section.45}{\376\377\000R\000e\000c\000a\000p}{chapter.32}% 43
\BOOKMARK [0][-]{chapter.46}{\376\377\000P\000o\000l\000i\000c\000i\000e\000s\000\040\000a\000n\000d\000\040\000E\000v\000a\000l\000u\000a\000t\000i\000o\000n}{}% 44
\BOOKMARK [1][-]{section.47}{\376\377\000E\000v\000a\000l\000u\000a\000t\000i\000o\000n}{chapter.46}% 45
\BOOKMARK [1][-]{section.48}{\376\377\000C\000o\000m\000m\000o\000n\000\040\000m\000e\000t\000h\000o\000d\000o\000l\000o\000g\000i\000e\000s}{chapter.46}% 46
\BOOKMARK [2][-]{subsection.49}{\376\377\000D\000i\000f\000f\000e\000r\000e\000n\000t\000\040\000a\000p\000p\000r\000o\000a\000c\000h\000e\000s}{section.48}% 47
\BOOKMARK [1][-]{section.50}{\376\377\000P\000o\000l\000i\000c\000i\000e\000s}{chapter.46}% 48
\BOOKMARK [1][-]{section.51}{\376\377\000U\000n\000i\000v\000e\000r\000s\000i\000t\000y\000-\000l\000e\000v\000e\000l\000\040\000p\000o\000l\000i\000c\000i\000e\000s}{chapter.46}% 49
\BOOKMARK [2][-]{subsection.52}{\376\377\000G\000e\000n\000e\000r\000a\000l\000\040\000p\000o\000l\000i\000c\000i\000e\000s}{section.51}% 50
\BOOKMARK [2][-]{subsection.53}{\376\377\000P\000a\000t\000e\000n\000t\000i\000n\000g}{section.51}% 51
\BOOKMARK [2][-]{subsection.54}{\376\377\000S\000p\000i\000n\000-\000o\000f\000f\000s}{section.51}% 52
\BOOKMARK [2][-]{subsection.55}{\376\377\000T\000T\000O\000s}{section.51}% 53
\BOOKMARK [1][-]{section.56}{\376\377\000I\000n\000s\000t\000i\000t\000u\000t\000i\000o\000n\000a\000l\000-\000l\000e\000v\000e\000l\000\040\000p\000o\000l\000i\000c\000i\000e\000s}{chapter.46}% 54
\BOOKMARK [2][-]{subsection.57}{\376\377\000G\000e\000o\000g\000r\000a\000p\000h\000y\000\040\000d\000o\000e\000s\000\040\000m\000a\000t\000t\000e\000r}{section.56}% 55
\BOOKMARK [2][-]{subsection.58}{\376\377\000S\000h\000o\000r\000t\000-\000t\000e\000r\000m\000\040\000p\000o\000l\000i\000c\000y\000\040\000o\000b\000j\000e\000c\000t\000i\000v\000e\000s}{section.56}% 56
\BOOKMARK [2][-]{subsection.59}{\376\377\000R\000I\000S\000,\000\040\000N\000I\000S\000\040\000a\000n\000d\000\040\000t\000r\000i\000p\000l\000e\000\040\000h\000e\000l\000i\000x}{section.56}% 57
\BOOKMARK [1][-]{section.60}{\376\377\000R\000e\000c\000a\000p}{chapter.46}% 58
\BOOKMARK [0][-]{chapter.61}{\376\377\000D\000i\000f\000f\000e\000r\000e\000n\000t\000\040\000a\000p\000p\000r\000o\000a\000c\000h\000e\000s}{}% 59
\BOOKMARK [1][-]{section.62}{\376\377\000I\000n\000t\000r\000o\000d\000u\000c\000t\000i\000o\000n}{chapter.61}% 60
\BOOKMARK [1][-]{section.63}{\376\377\000A\000c\000t\000o\000r\000s}{chapter.61}% 61
\BOOKMARK [2][-]{subsection.64}{\376\377\000T\000h\000e\000\040\000i\000n\000s\000t\000i\000t\000u\000t\000i\000o\000n}{section.63}% 62
\BOOKMARK [2][-]{subsection.65}{\376\377\000R\000e\000s\000e\000a\000r\000c\000h\000e\000r\000s}{section.63}% 63
\BOOKMARK [1][-]{section.66}{\376\377\000C\000h\000a\000n\000n\000e\000l\000s}{chapter.61}% 64
\BOOKMARK [2][-]{subsection.67}{\376\377\000P\000r\000e\000f\000e\000r\000e\000n\000c\000e}{section.66}% 65
\BOOKMARK [2][-]{subsection.68}{\376\377\000M\000e\000c\000h\000a\000n\000i\000s\000m\000s}{section.66}% 66
\BOOKMARK [1][-]{section.69}{\376\377\000E\000v\000a\000l\000u\000a\000t\000i\000o\000n}{chapter.61}% 67
\BOOKMARK [1][-]{section.70}{\376\377\000P\000o\000l\000i\000c\000i\000e\000s\000:\000\040\000e\000x\000a\000m\000p\000l\000e\000s}{chapter.61}% 68
\BOOKMARK [1][-]{section.71}{\376\377\000R\000e\000c\000a\000p}{chapter.61}% 69
\BOOKMARK [0][-]{chapter.72}{\376\377\000C\000a\000s\000e\000\040\000S\000t\000u\000d\000y}{}% 70
\BOOKMARK [1][-]{section.73}{\376\377\000T\000h\000e\000\040\000i\000n\000s\000t\000i\000t\000u\000t\000i\000o\000n}{chapter.72}% 71
\BOOKMARK [2][-]{subsection.77}{\376\377\000O\000r\000g\000a\000n\000i\000z\000a\000t\000i\000o\000n\000a\000l\000\040\000s\000t\000r\000u\000c\000t\000u\000r\000e}{section.73}% 72
\BOOKMARK [2][-]{subsection.79}{\376\377\000T\000T\000O\000\040\000s\000t\000r\000u\000c\000t\000u\000r\000e}{section.73}% 73
\BOOKMARK [1][-]{section.80}{\376\377\000C\000h\000a\000n\000n\000e\000l\000s}{chapter.72}% 74
\BOOKMARK [2][-]{subsection.81}{\376\377\000E\000x\000t\000e\000r\000n\000a\000l\000\040\000p\000e\000r\000s\000p\000e\000c\000t\000i\000v\000e}{section.80}% 75
\BOOKMARK [3][-]{section*.82}{\376\377\000F\000o\000r\000\040\000f\000i\000r\000m\000s}{subsection.81}% 76
\BOOKMARK [3][-]{section*.83}{\376\377\000F\000o\000r\000\040\000r\000e\000s\000e\000a\000r\000c\000h\000\040\000o\000r\000g\000a\000n\000i\000z\000a\000t\000i\000o\000n\000s}{subsection.81}% 77
\BOOKMARK [3][-]{section*.84}{\376\377\000F\000o\000r\000\040\000s\000p\000i\000n\000-\000o\000f\000f}{subsection.81}% 78
\BOOKMARK [2][-]{subsection.85}{\376\377\000I\000n\000t\000e\000r\000n\000a\000l\000\040\000p\000e\000r\000s\000p\000e\000c\000t\000i\000v\000e}{section.80}% 79
\BOOKMARK [3][-]{section*.86}{\376\377\000P\000a\000t\000e\000n\000t\000i\000n\000g\000\040\000p\000r\000o\000c\000e\000s\000s}{subsection.85}% 80
\BOOKMARK [3][-]{section*.87}{\376\377\000R\000e\000l\000a\000t\000i\000o\000n\000s\000h\000i\000p\000s\000\040\000d\000e\000v\000e\000l\000o\000p\000m\000e\000n\000t\000\040\000a\000n\000d\000\040\000m\000a\000n\000a\000g\000e\000m\000e\000n\000t}{subsection.85}% 81
\BOOKMARK [3][-]{section*.97}{\376\377\000S\000p\000i\000n\000-\000o\000f\000f\000\040\000p\000r\000o\000c\000e\000s\000s}{subsection.85}% 82
\BOOKMARK [3][-]{section*.98}{\376\377\000G\000r\000a\000n\000t\000\040\000s\000u\000p\000p\000o\000r\000t}{subsection.85}% 83
\BOOKMARK [3][-]{section*.99}{\376\377\000C\000o\000n\000t\000r\000a\000c\000t\000u\000a\000l\000\040\000s\000u\000p\000p\000o\000r\000t}{subsection.85}% 84
\BOOKMARK [3][-]{section*.100}{\376\377\000A\000d\000d\000i\000t\000i\000o\000n\000a\000l\000\040\000i\000n\000s\000i\000g\000h\000t\000s}{subsection.85}% 85
\BOOKMARK [1][-]{section.101}{\376\377\000E\000v\000a\000l\000u\000a\000t\000i\000o\000n}{chapter.72}% 86
\BOOKMARK [2][-]{subsection.102}{\376\377\000E\000f\000f\000e\000c\000t\000i\000v\000e\000n\000e\000s\000s}{section.101}% 87
\BOOKMARK [2][-]{subsection.103}{\376\377\000E\000f\000f\000i\000c\000i\000e\000n\000c\000y}{section.101}% 88
\BOOKMARK [3][-]{section*.104}{\376\377\000P\000e\000r\000f\000o\000r\000m\000a\000n\000c\000e\000\040\000c\000o\000m\000p\000a\000r\000i\000s\000o\000n\000\040\000o\000v\000e\000r\000\040\000t\000i\000m\000e}{subsection.103}% 89
\BOOKMARK [3][-]{section*.105}{\376\377\000P\000e\000r\000f\000o\000r\000m\000a\000n\000c\000e\000\040\000c\000o\000m\000p\000a\000r\000i\000s\000o\000n\000\040\000b\000e\000t\000w\000e\000e\000n\000\040\000c\000o\000m\000p\000e\000t\000i\000t\000o\000r\000s}{subsection.103}% 90
\BOOKMARK [1][-]{section.106}{\376\377\000P\000o\000l\000i\000c\000i\000e\000s}{chapter.72}% 91
\BOOKMARK [2][-]{section*.107}{\376\377\000P\000o\000l\000i\000c\000y\000\040\000f\000o\000r\000\040\000t\000h\000e\000\040\000v\000a\000l\000o\000r\000i\000z\000a\000t\000i\000o\000n\000\040\000o\000f\000\040\000F\000B\000K\000\040\000r\000e\000s\000e\000a\000r\000c\000h}{section.106}% 92
\BOOKMARK [3][-]{section*.108}{\376\377\000C\000h\000i\000l\000d\000\040\000p\000o\000l\000i\000c\000i\000e\000s}{section*.107}% 93
\BOOKMARK [1][-]{section.110}{\376\377\000R\000e\000c\000a\000p}{chapter.72}% 94
\BOOKMARK [0][-]{chapter.111}{\376\377\000D\000i\000s\000c\000u\000s\000s\000i\000o\000n\000\040\000a\000n\000d\000\040\000C\000o\000n\000c\000l\000u\000s\000i\000o\000n}{}% 95
\BOOKMARK [1][-]{section.112}{\376\377\000C\000a\000s\000e\000\040\000s\000t\000u\000d\000y\000\040\000d\000i\000s\000c\000u\000s\000s\000i\000o\000n}{chapter.111}% 96
\BOOKMARK [2][-]{subsection.113}{\376\377\000P\000r\000o\000s}{section.112}% 97
\BOOKMARK [2][-]{subsection.116}{\376\377\000C\000o\000n\000s}{section.112}% 98
\BOOKMARK [1][-]{section.118}{\376\377\000C\000o\000n\000c\000l\000u\000s\000i\000o\000n\000s}{chapter.111}% 99
\BOOKMARK [2][-]{subsection.119}{\376\377\000O\000r\000g\000a\000n\000i\000z\000a\000t\000i\000o\000n\000a\000l\000\040\000m\000i\000s\000s\000i\000o\000n}{section.118}% 100
\BOOKMARK [2][-]{subsection.121}{\376\377\000O\000r\000g\000a\000n\000i\000z\000a\000t\000i\000o\000n\000a\000l\000\040\000c\000u\000l\000t\000u\000r\000e}{section.118}% 101
\BOOKMARK [2][-]{subsection.122}{\376\377\000O\000r\000g\000a\000n\000i\000z\000a\000t\000i\000o\000n\000a\000l\000\040\000s\000t\000r\000u\000c\000t\000u\000r\000e}{section.118}% 102
\BOOKMARK [1][-]{section.123}{\376\377\000C\000o\000n\000c\000l\000u\000d\000i\000n\000g\000\040\000r\000e\000m\000a\000r\000k\000s}{chapter.111}% 103
\BOOKMARK [0][-]{chapter*.124}{\376\377\000R\000e\000f\000e\000r\000e\000n\000c\000e}{}% 104
